<?xml version="1.0" encoding="UTF-8" ?>
<testsuite failures="0" time="0.003" errors="0" skipped="0" tests="0" name="postech.itce.team8.DoctorTest">
  <properties>
    <property name="java.runtime.name" value="Java(TM) SE Runtime Environment"/>
    <property name="sun.boot.library.path" value="C:\Program Files\Java\jre7\bin"/>
    <property name="java.vm.version" value="23.3-b01"/>
    <property name="java.vm.vendor" value="Oracle Corporation"/>
    <property name="java.vendor.url" value="http://java.oracle.com/"/>
    <property name="path.separator" value=";"/>
    <property name="java.vm.name" value="Java HotSpot(TM) Client VM"/>
    <property name="file.encoding.pkg" value="sun.io"/>
    <property name="user.script" value=""/>
    <property name="user.country" value="US"/>
    <property name="sun.java.launcher" value="SUN_STANDARD"/>
    <property name="sun.os.patch.level" value=""/>
    <property name="java.vm.specification.name" value="Java Virtual Machine Specification"/>
    <property name="user.dir" value="D:\workspace-j2ee\itce600-team8"/>
    <property name="java.runtime.version" value="1.7.0_07-b10"/>
    <property name="java.awt.graphicsenv" value="sun.awt.Win32GraphicsEnvironment"/>
    <property name="basedir" value="D:\workspace-j2ee\itce600-team8"/>
    <property name="java.endorsed.dirs" value="C:\Program Files\Java\jre7\lib\endorsed"/>
    <property name="os.arch" value="x86"/>
    <property name="surefire.real.class.path" value="D:\workspace-j2ee\itce600-team8\target\surefire\surefirebooter6332271843172364413.jar"/>
    <property name="java.io.tmpdir" value="C:\Users\NGUYEN~1\AppData\Local\Temp\"/>
    <property name="line.separator" value="
"/>
    <property name="java.vm.specification.vendor" value="Oracle Corporation"/>
    <property name="user.variant" value=""/>
    <property name="os.name" value="Windows 7"/>
    <property name="sun.jnu.encoding" value="Cp1252"/>
    <property name="java.library.path" value="C:\Program Files\Java\jre7\bin;C:\Windows\Sun\Java\bin;C:\Windows\system32;C:\Windows;C:/Program Files/Java/jre7/bin/client;C:/Program Files/Java/jre7/bin;C:/Program Files/Java/jre7/lib/i386;C:\Program Files\MATLAB\R2008b\bin;C:\Program Files\MATLAB\R2008b\bin\win32;C:\Program Files\MiKTeX 2.9\miktex\bin;C:\Windows\system32;C:\Windows;C:\Windows\System32\Wbem;C:\Windows\System32\WindowsPowerShell\v1.0\;C:\Program Files\MATLAB\R2008b\bin;C:\Program Files\MATLAB\R2008b\bin\win32;D:\cygwin\bin;C:\Program Files\TortoiseSVN\bin;E:\caidat\Audio-Processing\ALIZE\LIA_RAL\lib;E:\caidat\Audio-Processing\ALIZE\ALIZE_2.0\lib;E:\caidat\Audio-Processing\ALIZE\LIA_RAL\bin;C:\Program Files\Java\jdk1.7.0\bin;C:\Program Files\QuickTime\QTSystem\;E:\caidat\Apache\apache-tomcat-6-spring\bin;E:\caidat\Apache\apache-ant-1.7.1\bin;E:\caidat\Apache\apache-cxf-2.6.1\bin;E:\caidat\Apache\apache-maven-2.2.1\bin;C:\charm-crypto\bin;C:\Program Files\Lenovo\Access Connections\;C:\Python27\Scripts;C:\Python27;C:\Program Files\Mercurial;D:\eclipse-jee;;."/>
    <property name="surefire.test.class.path" value="D:\workspace-j2ee\itce600-team8\target\test-classes;D:\workspace-j2ee\itce600-team8\target\classes;C:\Users\Nguyen Huu Hiep\.m2\repository\org\apache\struts\struts2-core\2.2.1.1\struts2-core-2.2.1.1.jar;C:\Users\Nguyen Huu Hiep\.m2\repository\org\apache\struts\xwork\xwork-core\2.2.1.1\xwork-core-2.2.1.1.jar;C:\Users\Nguyen Huu Hiep\.m2\repository\org\freemarker\freemarker\2.3.16\freemarker-2.3.16.jar;C:\Users\Nguyen Huu Hiep\.m2\repository\ognl\ognl\3.0\ognl-3.0.jar;C:\Users\Nguyen Huu Hiep\.m2\repository\commons-fileupload\commons-fileupload\1.2.1\commons-fileupload-1.2.1.jar;C:\Users\Nguyen Huu Hiep\.m2\repository\commons-io\commons-io\1.3.2\commons-io-1.3.2.jar;C:\Users\Nguyen Huu Hiep\.m2\repository\org\apache\struts\struts2-convention-plugin\2.2.1.1\struts2-convention-plugin-2.2.1.1.jar;C:\Users\Nguyen Huu Hiep\.m2\repository\javassist\javassist\3.11.0.GA\javassist-3.11.0.GA.jar;C:\Users\Nguyen Huu Hiep\.m2\repository\org\apache\struts\struts2-spring-plugin\2.2.1.1\struts2-spring-plugin-2.2.1.1.jar;C:\Users\Nguyen Huu Hiep\.m2\repository\org\mybatis\mybatis-spring\1.0.0\mybatis-spring-1.0.0.jar;C:\Users\Nguyen Huu Hiep\.m2\repository\org\mybatis\mybatis\3.0.4\mybatis-3.0.4.jar;C:\Users\Nguyen Huu Hiep\.m2\repository\org\springframework\spring-core\3.0.5.RELEASE\spring-core-3.0.5.RELEASE.jar;C:\Users\Nguyen Huu Hiep\.m2\repository\commons-logging\commons-logging\1.1.1\commons-logging-1.1.1.jar;C:\Users\Nguyen Huu Hiep\.m2\repository\org\springframework\spring-tx\3.0.5.RELEASE\spring-tx-3.0.5.RELEASE.jar;C:\Users\Nguyen Huu Hiep\.m2\repository\org\springframework\spring-jdbc\3.0.5.RELEASE\spring-jdbc-3.0.5.RELEASE.jar;C:\Users\Nguyen Huu Hiep\.m2\repository\org\springframework\spring-context\3.0.5.RELEASE\spring-context-3.0.5.RELEASE.jar;C:\Users\Nguyen Huu Hiep\.m2\repository\org\springframework\spring-aop\3.0.5.RELEASE\spring-aop-3.0.5.RELEASE.jar;C:\Users\Nguyen Huu Hiep\.m2\repository\org\springframework\spring-expression\3.0.5.RELEASE\spring-expression-3.0.5.RELEASE.jar;C:\Users\Nguyen Huu Hiep\.m2\repository\org\springframework\spring-asm\3.0.5.RELEASE\spring-asm-3.0.5.RELEASE.jar;C:\Users\Nguyen Huu Hiep\.m2\repository\org\springframework\spring-web\3.0.5.RELEASE\spring-web-3.0.5.RELEASE.jar;C:\Users\Nguyen Huu Hiep\.m2\repository\aopalliance\aopalliance\1.0\aopalliance-1.0.jar;C:\Users\Nguyen Huu Hiep\.m2\repository\org\springframework\spring-beans\3.0.5.RELEASE\spring-beans-3.0.5.RELEASE.jar;C:\Users\Nguyen Huu Hiep\.m2\repository\org\springframework\spring-test\3.0.5.RELEASE\spring-test-3.0.5.RELEASE.jar;C:\Users\Nguyen Huu Hiep\.m2\repository\cglib\cglib\2.2\cglib-2.2.jar;C:\Users\Nguyen Huu Hiep\.m2\repository\asm\asm\3.1\asm-3.1.jar;C:\Users\Nguyen Huu Hiep\.m2\repository\mysql\mysql-connector-java\5.1.14\mysql-connector-java-5.1.14.jar;C:\Users\Nguyen Huu Hiep\.m2\repository\log4j\log4j\1.2.14\log4j-1.2.14.jar;"/>
    <property name="java.specification.name" value="Java Platform API Specification"/>
    <property name="java.class.version" value="51.0"/>
    <property name="sun.management.compiler" value="HotSpot Client Compiler"/>
    <property name="os.version" value="6.1"/>
    <property name="user.home" value="C:\Users\Nguyen Huu Hiep"/>
    <property name="user.timezone" value=""/>
    <property name="java.awt.printerjob" value="sun.awt.windows.WPrinterJob"/>
    <property name="java.specification.version" value="1.7"/>
    <property name="file.encoding" value="Cp1252"/>
    <property name="user.name" value="Nguyen Huu Hiep"/>
    <property name="java.class.path" value="D:\workspace-j2ee\itce600-team8\target\test-classes;D:\workspace-j2ee\itce600-team8\target\classes;C:\Users\Nguyen Huu Hiep\.m2\repository\org\apache\struts\struts2-core\2.2.1.1\struts2-core-2.2.1.1.jar;C:\Users\Nguyen Huu Hiep\.m2\repository\org\apache\struts\xwork\xwork-core\2.2.1.1\xwork-core-2.2.1.1.jar;C:\Users\Nguyen Huu Hiep\.m2\repository\org\freemarker\freemarker\2.3.16\freemarker-2.3.16.jar;C:\Users\Nguyen Huu Hiep\.m2\repository\ognl\ognl\3.0\ognl-3.0.jar;C:\Users\Nguyen Huu Hiep\.m2\repository\commons-fileupload\commons-fileupload\1.2.1\commons-fileupload-1.2.1.jar;C:\Users\Nguyen Huu Hiep\.m2\repository\commons-io\commons-io\1.3.2\commons-io-1.3.2.jar;C:\Users\Nguyen Huu Hiep\.m2\repository\org\apache\struts\struts2-convention-plugin\2.2.1.1\struts2-convention-plugin-2.2.1.1.jar;C:\Users\Nguyen Huu Hiep\.m2\repository\javassist\javassist\3.11.0.GA\javassist-3.11.0.GA.jar;C:\Users\Nguyen Huu Hiep\.m2\repository\org\apache\struts\struts2-spring-plugin\2.2.1.1\struts2-spring-plugin-2.2.1.1.jar;C:\Users\Nguyen Huu Hiep\.m2\repository\org\mybatis\mybatis-spring\1.0.0\mybatis-spring-1.0.0.jar;C:\Users\Nguyen Huu Hiep\.m2\repository\org\mybatis\mybatis\3.0.4\mybatis-3.0.4.jar;C:\Users\Nguyen Huu Hiep\.m2\repository\org\springframework\spring-core\3.0.5.RELEASE\spring-core-3.0.5.RELEASE.jar;C:\Users\Nguyen Huu Hiep\.m2\repository\commons-logging\commons-logging\1.1.1\commons-logging-1.1.1.jar;C:\Users\Nguyen Huu Hiep\.m2\repository\org\springframework\spring-tx\3.0.5.RELEASE\spring-tx-3.0.5.RELEASE.jar;C:\Users\Nguyen Huu Hiep\.m2\repository\org\springframework\spring-jdbc\3.0.5.RELEASE\spring-jdbc-3.0.5.RELEASE.jar;C:\Users\Nguyen Huu Hiep\.m2\repository\org\springframework\spring-context\3.0.5.RELEASE\spring-context-3.0.5.RELEASE.jar;C:\Users\Nguyen Huu Hiep\.m2\repository\org\springframework\spring-aop\3.0.5.RELEASE\spring-aop-3.0.5.RELEASE.jar;C:\Users\Nguyen Huu Hiep\.m2\repository\org\springframework\spring-expression\3.0.5.RELEASE\spring-expression-3.0.5.RELEASE.jar;C:\Users\Nguyen Huu Hiep\.m2\repository\org\springframework\spring-asm\3.0.5.RELEASE\spring-asm-3.0.5.RELEASE.jar;C:\Users\Nguyen Huu Hiep\.m2\repository\org\springframework\spring-web\3.0.5.RELEASE\spring-web-3.0.5.RELEASE.jar;C:\Users\Nguyen Huu Hiep\.m2\repository\aopalliance\aopalliance\1.0\aopalliance-1.0.jar;C:\Users\Nguyen Huu Hiep\.m2\repository\org\springframework\spring-beans\3.0.5.RELEASE\spring-beans-3.0.5.RELEASE.jar;C:\Users\Nguyen Huu Hiep\.m2\repository\org\springframework\spring-test\3.0.5.RELEASE\spring-test-3.0.5.RELEASE.jar;C:\Users\Nguyen Huu Hiep\.m2\repository\cglib\cglib\2.2\cglib-2.2.jar;C:\Users\Nguyen Huu Hiep\.m2\repository\asm\asm\3.1\asm-3.1.jar;C:\Users\Nguyen Huu Hiep\.m2\repository\mysql\mysql-connector-java\5.1.14\mysql-connector-java-5.1.14.jar;C:\Users\Nguyen Huu Hiep\.m2\repository\log4j\log4j\1.2.14\log4j-1.2.14.jar;"/>
    <property name="java.vm.specification.version" value="1.7"/>
    <property name="sun.arch.data.model" value="32"/>
    <property name="java.home" value="C:\Program Files\Java\jre7"/>
    <property name="sun.java.command" value="D:\workspace-j2ee\itce600-team8\target\surefire\surefirebooter6332271843172364413.jar D:\workspace-j2ee\itce600-team8\target\surefire\surefire343476041217899539tmp D:\workspace-j2ee\itce600-team8\target\surefire\surefire1917396000981788028tmp"/>
    <property name="java.specification.vendor" value="Oracle Corporation"/>
    <property name="user.language" value="en"/>
    <property name="awt.toolkit" value="sun.awt.windows.WToolkit"/>
    <property name="java.vm.info" value="mixed mode, sharing"/>
    <property name="java.version" value="1.7.0_07"/>
    <property name="java.ext.dirs" value="C:\Program Files\Java\jre7\lib\ext;C:\Windows\Sun\Java\lib\ext"/>
    <property name="sun.boot.class.path" value="C:\Program Files\Java\jre7\lib\resources.jar;C:\Program Files\Java\jre7\lib\rt.jar;C:\Program Files\Java\jre7\lib\sunrsasign.jar;C:\Program Files\Java\jre7\lib\jsse.jar;C:\Program Files\Java\jre7\lib\jce.jar;C:\Program Files\Java\jre7\lib\charsets.jar;C:\Program Files\Java\jre7\lib\jfr.jar;C:\Program Files\Java\jre7\classes"/>
    <property name="java.vendor" value="Oracle Corporation"/>
    <property name="localRepository" value="C:\Users\Nguyen Huu Hiep\.m2\repository"/>
    <property name="file.separator" value="\"/>
    <property name="java.vendor.url.bug" value="http://bugreport.sun.com/bugreport/"/>
    <property name="sun.cpu.endian" value="little"/>
    <property name="sun.io.unicode.encoding" value="UnicodeLittle"/>
    <property name="sun.desktop" value="windows"/>
    <property name="sun.cpu.isalist" value="pentium_pro+mmx pentium_pro pentium+mmx pentium i486 i386 i86"/>
  </properties>
</testsuite>